build/app/outputs/mapping/release/seeds.txt
com.mindinterest.user.MainActivity
com.mindinterest.user.MainActivity: MainActivity()
...
io.flutter.plugins.firebase.core.GeneratedAndroidFirebaseCore: java.util.Map access$200(java.lang.Throwable)
com.google.android.gms.measurement.internal.AppMeasurementDynamiteService: void getCurrentScreenName(com.google.android.gms.internal.measurement.zzcf)
io.flutter.view.FlutterView: void destroy()
okhttp3.internal.ws.RealWebSocket: boolean processNextFrame()
okio.BufferedSource: java.lang.String readString(long,java.nio.charset.Charset)
io.flutter.plugins.webviewflutter.FileChooserParamsFlutterApiImpl: io.flutter.plugins.webviewflutter.GeneratedAndroidWebView$FileChooserModeEnumData toFileChooserEnumData(int)
io.flutter.embedding.android.FlutterFragment: java.lang.String getAppBundlePath()
io.flutter.plugin.common.PluginRegistry$Registrar: io.flutter.plugin.platform.PlatformViewRegistry platformViewRegistry()
io.flutter.view.AccessibilityViewEmbedder$ReflectionAccessors: int access$200(long)
androidx.window.java.layout.WindowInfoTrackerCallbackAdapter$addListener$1$1: java.lang.Object invoke(java.lang.Object,java.lang.Object)
androidx.core.view.ViewCompat$Api15Impl: boolean hasOnClickListeners(android.view.View)
io.flutter.embedding.android.FlutterImageView$SurfaceKind: FlutterImageView$SurfaceKind(java.lang.String,int)
okhttp3.Dispatcher: void setIdleCallback(java.lang.Runnable)
com.google.android.material.bottomappbar.BottomAppBar: float getFabCradleRoundedCornerRadius()
androidx.coordinatorlayout.widget.CoordinatorLayout: void setStatusBarBackgroundColor(int)
com.google.android.material.chip.Chip: void setTextEndPaddingResource(int)
okhttp3.OkHttpClient$Builder: java.util.List networkInterceptors()
io.flutter.plugins.webviewflutter.GeneratedAndroidWebView$FileChooserMode: io.flutter.plugins.webviewflutter.GeneratedAndroidWebView$FileChooserMode[] values()
androidx.fragment.app.Fragment: float getPostOnViewCreatedAlpha()
com.pichillilorenzo.flutter_inappwebview.in_app_webview.ThreadedInputConnectionProxyAdapterView: boolean isFocused()
io.flutter.embedding.engine.plugins.activity.ActivityControlSurface: void onSaveInstanceState(android.os.Bundle)
com.pichillilorenzo.flutter_inappwebview.in_app_webview.InAppWebViewClient$5: InAppWebViewClient$5(com.pichillilorenzo.flutter_inappwebview.in_app_webview.InAppWebViewClient,android.webkit.SafeBrowsingResponse,android.webkit.WebView,android.webkit.WebResourceRequest,int)
io.flutter.plugins.pathprovider.R$style: R$style()
com.google.android.gms.measurement.AppMeasurementService: AppMeasurementService()
io.flutter.embedding.android.FlutterView: void addFlutterEngineAttachmentListener(io.flutter.embedding.android.FlutterView$FlutterEngineAttachmentListener)
okhttp3.Cookie: java.util.List parseAll(okhttp3.HttpUrl,okhttp3.Headers)
androidx.core.app.NotificationCompatBuilder$Api20Impl: android.app.Notification$Action build(android.app.Notification$Action$Builder)
okhttp3.internal.http2.Settings: int get(int)
okio.Buffer: byte getByte(long)
okhttp3.internal.http2.Hpack$Reader: int maxDynamicTableByteCount()
androidx.appcompat.app.AppCompatActivity: void supportInvalidateOptionsMenu()
com.google.firebase.messaging.FirebaseMessagingService: android.content.Intent getStartCommandIntent(android.content.Intent)
com.pichillilorenzo.flutter_inappwebview.types.InAppWebViewInterface: int getProgress()
okhttp3.internal.http2.Settings: int getInitialWindowSize()
com.pichillilorenzo.flutter_inappwebview.types.HttpAuthenticationChallenge: java.util.Map toMap()
androidx.core.app.ComponentActivity: ComponentActivity()
androidx.fragment.app.Fragment: boolean getAllowReturnTransitionOverlap()
io.flutter.embedding.android.FlutterActivityAndFragmentDelegate: void onPostResume()
com.google.android.material.textfield.TextInputLayout: java.lang.CharSequence getPlaceholderText()
io.flutter.plugins.firebase.firestore.streamhandler.DocumentSnapshotsStreamHandler: DocumentSnapshotsStreamHandler()
androidx.swiperefreshlayout.widget.SwipeRefreshLayout: void onNestedPreScroll(android.view.View,int,int,int[],int)