build/app/outputs/mapping/release/usage.txt
com.mindinterest.user.BuildConfig
com.mindinterest.user.R$anim
com.mindinterest.user.R$animator
com.mindinterest.user.R$attr
com.mindinterest.user.R$bool
com.mindinterest.user.R$color
com.mindinterest.user.R$dimen
com.mindinterest.user.R$drawable
com.mindinterest.user.R$id
com.mindinterest.user.R$integer
com.mindinterest.user.R$interpolator
com.mindinterest.user.R$layout
com.mindinterest.user.R$menu
com.mindinterest.user.R$mipmap
com.mindinterest.user.R$plurals
com.mindinterest.user.R$raw
com.mindinterest.user.R$string
com.mindinterest.user.R$style
com.mindinterest.user.R$styleable
com.mindinterest.user.R$xml
com.mindinterest.user.R
...
androidx.appcompat.widget.ActivityChooserModel$DefaultSorter
androidx.appcompat.widget.ActivityChooserModel$HistoricalRecord
androidx.appcompat.widget.ActivityChooserModel$OnChooseActivityListener
androidx.appcompat.widget.ActivityChooserModel$PersistHistoryAsyncTask
androidx.appcompat.widget.ActivityChooserModel
androidx.appcompat.widget.ActivityChooserView$1
androidx.appcompat.widget.ActivityChooserView$2
androidx.appcompat.widget.ActivityChooserView$3
androidx.appcompat.widget.ActivityChooserView$4
androidx.appcompat.widget.ActivityChooserView$5
androidx.appcompat.widget.ActivityChooserView$ActivityChooserViewAdapter
androidx.appcompat.widget.ActivityChooserView$Callbacks
androidx.appcompat.widget.ActivityChooserView
androidx.appcompat.widget.AlertDialogLayout:
    public void <init>(android.content.Context)
androidx.appcompat.widget.AppCompatAutoCompleteTextView:
    public void <init>(android.content.Context)
    public boolean isEmojiCompatEnabled()
androidx.appcompat.widget.AppCompatButton:
    public void <init>(android.content.Context)
    public boolean isEmojiCompatEnabled()
androidx.appcompat.widget.AppCompatCheckBox:
    public void <init>(android.content.Context)
    public boolean isEmojiCompatEnabled()
androidx.appcompat.widget.AppCompatCheckedTextView:
    public void <init>(android.content.Context)
    public boolean isEmojiCompatEnabled()
androidx.appcompat.widget.AppCompatDrawableManager:
    private static final boolean DEBUG
    private static final java.lang.String TAG
    synchronized android.graphics.drawable.Drawable onDrawableLoadedFromResources(android.content.Context,androidx.appcompat.widget.VectorEnabledTintResources,int)
    boolean tintDrawableUsingColorFilter(android.content.Context,int,android.graphics.drawable.Drawable)
androidx.appcompat.widget.AppCompatEditText:
    public void <init>(android.content.Context)
    public boolean isEmojiCompatEnabled()
androidx.appcompat.widget.AppCompatEmojiEditTextHelper:
    boolean isEnabled()
androidx.appcompat.widget.AppCompatEmojiTextHelper:
    public boolean isEnabled()
    public android.text.method.TransformationMethod wrapTransformationMethod(android.text.method.TransformationMethod)
androidx.appcompat.widget.AppCompatHintHelper:
    private void <init>()
androidx.appcompat.widget.AppCompatImageButton:
    public void <init>(android.content.Context)
androidx.appcompat.widget.AppCompatImageHelper:
    void setInternalImageTint(android.content.res.ColorStateList)
androidx.appcompat.widget.AppCompatMultiAutoCompleteTextView:
    public void <init>(android.content.Context)
    public boolean isEmojiCompatEnabled()
androidx.appcompat.widget.AppCompatPopupWindow:
    public void <init>(android.content.Context,android.util.AttributeSet,int)
androidx.appcompat.widget.AppCompatProgressBarHelper$Api23Impl:
    private void <init>()
androidx.appcompat.widget.AppCompatRadioButton:
    public void <init>(android.content.Context)
    public boolean isEmojiCompatEnabled()
androidx.appcompat.widget.AppCompatRatingBar:
    public void <init>(android.content.Context)
androidx.appcompat.widget.AppCompatReceiveContentHelper$OnDropApi24Impl:
    private void <init>()
androidx.appcompat.widget.AppCompatReceiveContentHelper:
    private static final java.lang.String LOG_TAG
    private void <init>()
androidx.appcompat.widget.AppCompatSeekBar:
    public void <init>(android.content.Context)
androidx.appcompat.widget.AppCompatSeekBarHelper:
    android.graphics.drawable.Drawable getTickMark()
    android.content.res.ColorStateList getTickMarkTintList()
    android.graphics.PorterDuff$Mode getTickMarkTintMode()
    void setTickMarkTintList(android.content.res.ColorStateList)
    void setTickMarkTintMode(android.graphics.PorterDuff$Mode)
androidx.appcompat.widget.AppCompatSpinner$Api16Impl:
    private void <init>()
androidx.appcompat.widget.AppCompatSpinner$Api17Impl:
    private void <init>()